[debug] [2026-02-19T09:37:23.874Z] ----------------------------------------------------------------------
[debug] [2026-02-19T09:37:23.879Z] Command:       C:\Program Files\nodejs\node.exe C:\Users\dbcjs\AppData\Roaming\npm\node_modules\firebase-tools\lib\bin\firebase.js deploy
[debug] [2026-02-19T09:37:23.879Z] CLI Version:   15.5.1
[debug] [2026-02-19T09:37:23.879Z] Platform:      win32
[debug] [2026-02-19T09:37:23.880Z] Node Version:  v24.13.0
[debug] [2026-02-19T09:37:23.880Z] Time:          Thu Feb 19 2026 18:37:23 GMT+0900 (대한민국 표준시)
[debug] [2026-02-19T09:37:23.880Z] ----------------------------------------------------------------------
[debug] 
[debug] [2026-02-19T09:37:28.409Z] > command requires scopes: ["email","openid","https://www.googleapis.com/auth/cloudplatformprojects.readonly","https://www.googleapis.com/auth/firebase","https://www.googleapis.com/auth/cloud-platform"]
[debug] [2026-02-19T09:37:28.409Z] > authorizing via signed-in user (ceo@bee-liber.com)
[debug] [2026-02-19T09:37:28.410Z] [iam] checking project beeliber-main for permissions ["cloudfunctions.functions.create","cloudfunctions.functions.delete","cloudfunctions.functions.get","cloudfunctions.functions.list","cloudfunctions.functions.update","cloudfunctions.operations.get","datastore.indexes.create","datastore.indexes.delete","datastore.indexes.list","datastore.indexes.update","firebase.projects.get","firebasehosting.sites.update","firebaserules.releases.create","firebaserules.releases.update","firebaserules.rulesets.create"]
[debug] [2026-02-19T09:37:28.411Z] Checked if tokens are valid: false, expires at: 1771491918283
[debug] [2026-02-19T09:37:28.411Z] Checked if tokens are valid: false, expires at: 1771491918283
[debug] [2026-02-19T09:37:28.411Z] > refreshing access token with scopes: []
[debug] [2026-02-19T09:37:28.413Z] >>> [apiv2][query] POST https://www.googleapis.com/oauth2/v3/token [none]
[debug] [2026-02-19T09:37:28.413Z] >>> [apiv2][body] POST https://www.googleapis.com/oauth2/v3/token [omitted]
[debug] [2026-02-19T09:37:28.717Z] <<< [apiv2][status] POST https://www.googleapis.com/oauth2/v3/token 200
[debug] [2026-02-19T09:37:28.717Z] <<< [apiv2][body] POST https://www.googleapis.com/oauth2/v3/token [omitted]
[debug] [2026-02-19T09:37:28.735Z] >>> [apiv2][query] POST https://cloudresourcemanager.googleapis.com/v1/projects/beeliber-main:testIamPermissions [none]
[debug] [2026-02-19T09:37:28.735Z] >>> [apiv2][(partial)header] POST https://cloudresourcemanager.googleapis.com/v1/projects/beeliber-main:testIamPermissions  x-goog-user-project=beeliber-main
[debug] [2026-02-19T09:37:28.735Z] >>> [apiv2][body] POST https://cloudresourcemanager.googleapis.com/v1/projects/beeliber-main:testIamPermissions {"permissions":["cloudfunctions.functions.create","cloudfunctions.functions.delete","cloudfunctions.functions.get","cloudfunctions.functions.list","cloudfunctions.functions.update","cloudfunctions.operations.get","datastore.indexes.create","datastore.indexes.delete","datastore.indexes.list","datastore.indexes.update","firebase.projects.get","firebasehosting.sites.update","firebaserules.releases.create","firebaserules.releases.update","firebaserules.rulesets.create"]}
[debug] [2026-02-19T09:37:28.983Z] <<< [apiv2][status] POST https://cloudresourcemanager.googleapis.com/v1/projects/beeliber-main:testIamPermissions 200
[debug] [2026-02-19T09:37:28.983Z] <<< [apiv2][body] POST https://cloudresourcemanager.googleapis.com/v1/projects/beeliber-main:testIamPermissions {"permissions":["cloudfunctions.functions.create","cloudfunctions.functions.delete","cloudfunctions.functions.get","cloudfunctions.functions.list","cloudfunctions.functions.update","cloudfunctions.operations.get","datastore.indexes.create","datastore.indexes.delete","datastore.indexes.list","datastore.indexes.update","firebase.projects.get","firebasehosting.sites.update","firebaserules.releases.create","firebaserules.releases.update","firebaserules.rulesets.create"]}
[debug] [2026-02-19T09:37:28.984Z] Checked if tokens are valid: true, expires at: 1771497447717
[debug] [2026-02-19T09:37:28.984Z] Checked if tokens are valid: true, expires at: 1771497447717
[debug] [2026-02-19T09:37:28.984Z] >>> [apiv2][query] POST https://iam.googleapis.com/v1/projects/beeliber-main/serviceAccounts/beeliber-main@appspot.gserviceaccount.com:testIamPermissions [none]
[debug] [2026-02-19T09:37:28.984Z] >>> [apiv2][body] POST https://iam.googleapis.com/v1/projects/beeliber-main/serviceAccounts/beeliber-main@appspot.gserviceaccount.com:testIamPermissions {"permissions":["iam.serviceAccounts.actAs"]}
[debug] [2026-02-19T09:37:30.057Z] <<< [apiv2][status] POST https://iam.googleapis.com/v1/projects/beeliber-main/serviceAccounts/beeliber-main@appspot.gserviceaccount.com:testIamPermissions 200
[debug] [2026-02-19T09:37:30.057Z] <<< [apiv2][body] POST https://iam.googleapis.com/v1/projects/beeliber-main/serviceAccounts/beeliber-main@appspot.gserviceaccount.com:testIamPermissions {"permissions":["iam.serviceAccounts.actAs"]}
[debug] [2026-02-19T09:37:30.058Z] Checked if tokens are valid: true, expires at: 1771497447717
[debug] [2026-02-19T09:37:30.059Z] Checked if tokens are valid: true, expires at: 1771497447717
[debug] [2026-02-19T09:37:30.059Z] >>> [apiv2][query] GET https://firebase.googleapis.com/v1beta1/projects/beeliber-main [none]
[debug] [2026-02-19T09:37:30.465Z] <<< [apiv2][status] GET https://firebase.googleapis.com/v1beta1/projects/beeliber-main 200
[debug] [2026-02-19T09:37:30.465Z] <<< [apiv2][body] GET https://firebase.googleapis.com/v1beta1/projects/beeliber-main {"projectId":"beeliber-main","projectNumber":"591358308612","displayName":"beeliber main","name":"projects/beeliber-main","resources":{"hostingSite":"beeliber-main"},"state":"ACTIVE","etag":"1_dc9fff75-b19c-463f-82d2-71a910651ae2"}
[info] 
[info] === Deploying to 'beeliber-main'...
[info] 
[info] i  deploying storage, firestore, functions, hosting 
[info] i  storage: ensuring required API firebasestorage.googleapis.com is enabled... 
[debug] [2026-02-19T09:37:30.475Z] Checked if tokens are valid: true, expires at: 1771497447717
[debug] [2026-02-19T09:37:30.475Z] Checked if tokens are valid: true, expires at: 1771497447717
[debug] [2026-02-19T09:37:30.475Z] >>> [apiv2][query] GET https://firebasestorage.googleapis.com/v1alpha/projects/beeliber-main/defaultBucket [none]
[debug] [2026-02-19T09:37:31.432Z] <<< [apiv2][status] GET https://firebasestorage.googleapis.com/v1alpha/projects/beeliber-main/defaultBucket 200
[debug] [2026-02-19T09:37:31.432Z] <<< [apiv2][body] GET https://firebasestorage.googleapis.com/v1alpha/projects/beeliber-main/defaultBucket {"name":"projects/beeliber-main/defaultBucket","location":"US-CENTRAL1","bucket":{"name":"projects/beeliber-main/buckets/beeliber-main.firebasestorage.app"},"storageClass":"REGIONAL"}
[info] i  firebase.storage: checking storage.rules for compilation errors... 
[debug] [2026-02-19T09:37:31.434Z] Checked if tokens are valid: true, expires at: 1771497447717
[debug] [2026-02-19T09:37:31.435Z] Checked if tokens are valid: true, expires at: 1771497447717
[debug] [2026-02-19T09:37:31.435Z] >>> [apiv2][query] POST https://firebaserules.googleapis.com/v1/projects/beeliber-main:test [none]
[debug] [2026-02-19T09:37:31.435Z] >>> [apiv2][body] POST https://firebaserules.googleapis.com/v1/projects/beeliber-main:test [omitted]
[debug] [2026-02-19T09:37:32.730Z] <<< [apiv2][status] POST https://firebaserules.googleapis.com/v1/projects/beeliber-main:test 200
[debug] [2026-02-19T09:37:32.730Z] <<< [apiv2][body] POST https://firebaserules.googleapis.com/v1/projects/beeliber-main:test {}
[info] +  firebase.storage: rules file storage.rules compiled successfully 
[info] i  firestore: ensuring required API firestore.googleapis.com is enabled... 
[info] i  firestore: ensuring required API firestore.googleapis.com is enabled... 
[debug] [2026-02-19T09:37:32.733Z] Checked if tokens are valid: true, expires at: 1771497447717
[debug] [2026-02-19T09:37:32.734Z] Checked if tokens are valid: true, expires at: 1771497447717
[debug] [2026-02-19T09:37:32.734Z] >>> [apiv2][query] GET https://firestore.googleapis.com/v1/projects/beeliber-main/databases/(default) [none]
[debug] [2026-02-19T09:37:33.954Z] <<< [apiv2][status] GET https://firestore.googleapis.com/v1/projects/beeliber-main/databases/(default) 200
[debug] [2026-02-19T09:37:33.954Z] <<< [apiv2][body] GET https://firestore.googleapis.com/v1/projects/beeliber-main/databases/(default) {"name":"projects/beeliber-main/databases/(default)","uid":"c914215f-024c-42f8-a56c-e35e6a2a6b3b","createTime":"2026-01-12T08:01:28.679432Z","updateTime":"2026-01-12T08:01:28.679432Z","locationId":"nam5","type":"FIRESTORE_NATIVE","concurrencyMode":"PESSIMISTIC","versionRetentionPeriod":"3600s","earliestVersionTime":"2026-02-19T08:37:33.639519Z","appEngineIntegrationMode":"DISABLED","keyPrefix":"s","pointInTimeRecoveryEnablement":"POINT_IN_TIME_RECOVERY_DISABLED","deleteProtectionState":"DELETE_PROTECTION_DISABLED","backupConfig":{"backupSchedulesEnabled":true},"databaseEdition":"STANDARD","freeTier":false,"realtimeUpdatesMode":"REALTIME_UPDATES_MODE_ENABLED","etag":"IIrh+O6g5ZIDMPP55oC6kJID"}
[info] i  cloud.firestore: checking firestore.rules for compilation errors... 
[debug] [2026-02-19T09:37:33.956Z] Checked if tokens are valid: true, expires at: 1771497447717
[debug] [2026-02-19T09:37:33.956Z] Checked if tokens are valid: true, expires at: 1771497447717
[debug] [2026-02-19T09:37:33.956Z] >>> [apiv2][query] POST https://firebaserules.googleapis.com/v1/projects/beeliber-main:test [none]
[debug] [2026-02-19T09:37:33.956Z] >>> [apiv2][body] POST https://firebaserules.googleapis.com/v1/projects/beeliber-main:test [omitted]
